<?xml version="1.0" encoding="UTF-8"?>
<robot generator="Robot 3.1.2 (Python 3.8.1 on win32)" generated="20200312 13:49:42.391" rpa="false">
<suite id="s1" name="UIV3" source="D:\D Drive Back Up\Anoop\GFWorkspace\UIV3">
<suite id="s1-s1" name="Src" source="D:\D Drive Back Up\Anoop\GFWorkspace\UIV3\src">
<suite id="s1-s1-s1" name="Custom stats UI" source="D:\D Drive Back Up\Anoop\GFWorkspace\UIV3\src\Custom_stats_UI.robot">
<test id="s1-s1-s1-t1" name="Headless Chrome - Create Webdriver">
<kw name="Test_setup" type="setup">
<kw name="Evaluate" library="BuiltIn">
<doc>Evaluates the given expression in Python and returns the results.</doc>
<arguments>
<arg>sys.modules['selenium.webdriver'].ChromeOptions()</arg>
<arg>sys, selenium.webdriver</arg>
</arguments>
<assign>
<var>${chrome options}</var>
</assign>
<msg timestamp="20200312 13:49:43.054" level="INFO">${chrome options} = &lt;selenium.webdriver.chrome.options.Options object at 0x000002C292F8CE20&gt;</msg>
<status status="PASS" starttime="20200312 13:49:43.053" endtime="20200312 13:49:43.055"></status>
</kw>
<kw name="Call Method" library="BuiltIn">
<doc>Calls the named method of the given object with the provided arguments.</doc>
<arguments>
<arg>${chrome options}</arg>
<arg>add_argument</arg>
<arg>ignore-certificate-errors</arg>
</arguments>
<status status="PASS" starttime="20200312 13:49:43.056" endtime="20200312 13:49:43.057"></status>
</kw>
<kw name="Call Method" library="BuiltIn">
<doc>Calls the named method of the given object with the provided arguments.</doc>
<arguments>
<arg>${chrome options}</arg>
<arg>add_argument</arg>
<arg>window-size\=1024,768</arg>
</arguments>
<status status="PASS" starttime="20200312 13:49:43.057" endtime="20200312 13:49:43.058"></status>
</kw>
<kw name="Call Method" library="BuiltIn">
<doc>Calls the named method of the given object with the provided arguments.</doc>
<arguments>
<arg>${chrome options}</arg>
<arg>add_argument</arg>
<arg>headless</arg>
</arguments>
<status status="PASS" starttime="20200312 13:49:43.059" endtime="20200312 13:49:43.060"></status>
</kw>
<kw name="Call Method" library="BuiltIn">
<doc>Calls the named method of the given object with the provided arguments.</doc>
<arguments>
<arg>${chrome options}</arg>
<arg>add_argument</arg>
<arg>disable-gpu</arg>
</arguments>
<status status="PASS" starttime="20200312 13:49:43.060" endtime="20200312 13:49:43.061"></status>
</kw>
<kw name="Call Method" library="BuiltIn">
<doc>Calls the named method of the given object with the provided arguments.</doc>
<arguments>
<arg>${chrome options}</arg>
<arg>add_argument</arg>
<arg>no-sandbox</arg>
</arguments>
<status status="PASS" starttime="20200312 13:49:43.062" endtime="20200312 13:49:43.063"></status>
</kw>
<kw name="Create Dictionary" library="BuiltIn">
<doc>Creates and returns a dictionary based on the given ``items``.</doc>
<arguments>
<arg>setAcceptUntrustedCertificates=True</arg>
<arg>setAssumeUntrustedCertificateIssuer=True</arg>
</arguments>
<assign>
<var>${preferences}</var>
</assign>
<msg timestamp="20200312 13:49:43.064" level="INFO">${preferences} = {'setAcceptUntrustedCertificates': 'True', 'setAssumeUntrustedCertificateIssuer': 'True'}</msg>
<status status="PASS" starttime="20200312 13:49:43.063" endtime="20200312 13:49:43.065"></status>
</kw>
<kw name="Create Webdriver" library="SeleniumLibrary">
<doc>Creates an instance of Selenium WebDriver.</doc>
<arguments>
<arg>Chrome</arg>
<arg>crm_alias</arg>
<arg>chrome_options=${chrome options}</arg>
<arg>desired_capabilities=${preferences}</arg>
</arguments>
<msg timestamp="20200312 13:49:43.067" level="INFO">Creating an instance of the Chrome WebDriver.</msg>
<status status="PASS" starttime="20200312 13:49:43.066" endtime="20200312 13:49:47.787"></status>
</kw>
<status status="PASS" starttime="20200312 13:49:43.052" endtime="20200312 13:49:47.788"></status>
</kw>
<kw name="Go To" library="SeleniumLibrary">
<doc>Navigates the current browser window to the provided ``url``.</doc>
<arguments>
<arg>https://edition.cnn.com/</arg>
</arguments>
<msg timestamp="20200312 13:49:47.792" level="INFO">Opening url 'https://edition.cnn.com/'</msg>
<status status="PASS" starttime="20200312 13:49:47.790" endtime="20200312 13:49:49.420"></status>
</kw>
<kw name="Capture Page Screenshot" library="SeleniumLibrary">
<doc>Takes a screenshot of the current page and embeds it into a log file.</doc>
<msg timestamp="20200312 13:49:49.821" level="INFO" html="yes">&lt;/td&gt;&lt;/tr&gt;&lt;tr&gt;&lt;td colspan="3"&gt;&lt;a href="selenium-screenshot-3.png"&gt;&lt;img src="selenium-screenshot-3.png" width="800px"&gt;&lt;/a&gt;</msg>
<status status="PASS" starttime="20200312 13:49:49.421" endtime="20200312 13:49:49.823"></status>
</kw>
<kw name="Maximize Browser Window" library="SeleniumLibrary">
<doc>Maximizes current browser window.</doc>
<status status="PASS" starttime="20200312 13:49:49.824" endtime="20200312 13:49:50.992"></status>
</kw>
<kw name="Click Element" library="SeleniumLibrary">
<doc>Click the element identified by ``locator``.</doc>
<arguments>
<arg>(//span[text()='Edition'])[1]</arg>
</arguments>
<msg timestamp="20200312 13:49:50.997" level="INFO">Clicking element '(//span[text()='Edition'])[1]'.</msg>
<kw name="Capture Page Screenshot" library="SeleniumLibrary">
<doc>Takes a screenshot of the current page and embeds it into a log file.</doc>
<msg timestamp="20200312 13:49:51.468" level="INFO" html="yes">&lt;/td&gt;&lt;/tr&gt;&lt;tr&gt;&lt;td colspan="3"&gt;&lt;a href="selenium-screenshot-4.png"&gt;&lt;img src="selenium-screenshot-4.png" width="800px"&gt;&lt;/a&gt;</msg>
<status status="PASS" starttime="20200312 13:49:51.152" endtime="20200312 13:49:51.469"></status>
</kw>
<msg timestamp="20200312 13:49:51.565" level="FAIL">Element with locator '(//span[text()='Edition'])[1]' not found.</msg>
<status status="FAIL" starttime="20200312 13:49:50.995" endtime="20200312 13:49:51.566"></status>
</kw>
<tags>
<tag>webui</tag>
</tags>
<status status="FAIL" starttime="20200312 13:49:43.049" endtime="20200312 13:49:51.567" critical="yes">Element with locator '(//span[text()='Edition'])[1]' not found.</status>
</test>
<status status="FAIL" starttime="20200312 13:49:42.523" endtime="20200312 13:49:51.570"></status>
</suite>
<status status="FAIL" starttime="20200312 13:49:42.517" endtime="20200312 13:49:51.575"></status>
</suite>
<status status="FAIL" starttime="20200312 13:49:42.473" endtime="20200312 13:49:51.580"></status>
</suite>
<statistics>
<total>
<stat pass="0" fail="1">Critical Tests</stat>
<stat pass="0" fail="1">All Tests</stat>
</total>
<tag>
<stat pass="0" fail="1">webui</stat>
</tag>
<suite>
<stat pass="0" fail="1" id="s1" name="UIV3">UIV3</stat>
<stat pass="0" fail="1" id="s1-s1" name="Src">UIV3.Src</stat>
<stat pass="0" fail="1" id="s1-s1-s1" name="Custom stats UI">UIV3.Src.Custom stats UI</stat>
</suite>
</statistics>
<errors>
</errors>
</robot>
